#
# There is insufficient memory for the Java Runtime Environment to continue.
# Native memory allocation (mmap) failed to map 1073741824 bytes for G1 virtual space
# Possible reasons:
#   The system is out of physical RAM or swap space
#   The process is running with CompressedOops enabled, and the Java Heap may be blocking the growth of the native heap
# Possible solutions:
#   Reduce memory load on the system
#   Increase physical memory or swap space
#   Check if swap backing store is full
#   Decrease Java heap size (-Xmx/-Xms)
#   Decrease number of Java threads
#   Decrease Java thread stack sizes (-Xss)
#   Set larger code cache with -XX:ReservedCodeCacheSize=
#   JVM is running with Zero Based Compressed Oops mode in which the Java heap is
#     placed in the first 32GB address space. The Java Heap base address is the
#     maximum limit for the native heap growth. Please use -XX:HeapBaseMinAddress
#     to set the Java Heap base and to place the Java Heap above 32GB virtual address.
# This output file may be truncated or incomplete.
#
#  Out of Memory Error (os_windows.cpp:3530), pid=13536, tid=9280
#
# JRE version: Java(TM) SE Runtime Environment (18.0.2.1+1) (build 18.0.2.1+1-1)
# Java VM: Java HotSpot(TM) 64-Bit Server VM (18.0.2.1+1-1, mixed mode, sharing, tiered, compressed oops, compressed class ptrs, g1 gc, windows-amd64)
# No core dump will be written. Minidumps are not enabled by default on client versions of Windows
#

---------------  S U M M A R Y ------------

Command Line: -Dfile.encoding=UTF-8 -Dstdout.encoding=UTF-8 -Dstderr.encoding=UTF-8 --module-path=D:\JavaFiapTokio2024\JavaTokio2024\bin -XX:+ShowCodeDetailsInExceptionMessages -Djdk.module.main=JavaTokio2024 JavaTokio2024/JavaPoo.aulas.lista.ex3

Host: Intel(R) Core(TM) i7-9700 CPU @ 3.00GHz, 8 cores, 31G,  Windows 10 , 64 bit Build 19041 (10.0.19041.3636)
Time: Thu Nov  7 15:55:39 2024 Tocantins Standard Time elapsed time: 1.673525 seconds (0d 0h 0m 1s)

---------------  T H R E A D  ---------------

Current thread (0x0000014eb2803d50):  VMThread "VM Thread" [stack: 0x00000037e7c00000,0x00000037e7d00000] [id=9280]

Stack: [0x00000037e7c00000,0x00000037e7d00000]
Native frames: (J=compiled Java code, j=interpreted, Vv=VM code, C=native code)
V  [jvm.dll+0x6993aa]
V  [jvm.dll+0x7f46dd]
V  [jvm.dll+0x7f5fee]
V  [jvm.dll+0x7f66a3]
V  [jvm.dll+0x25cf1f]
V  [jvm.dll+0x6962f9]
V  [jvm.dll+0x68ae2a]
V  [jvm.dll+0x32255b]
V  [jvm.dll+0x329f36]
V  [jvm.dll+0x37eade]
V  [jvm.dll+0x37ed0f]
V  [jvm.dll+0x2fa2da]
V  [jvm.dll+0x2fa387]
V  [jvm.dll+0x33e8c2]
V  [jvm.dll+0x33ce64]
V  [jvm.dll+0x2f9ab0]
V  [jvm.dll+0x33c43b]
V  [jvm.dll+0x7fb48b]
V  [jvm.dll+0x7fc224]
V  [jvm.dll+0x7fc75c]
V  [jvm.dll+0x7fcbb4]
V  [jvm.dll+0x7fcc77]
V  [jvm.dll+0x7a120a]
V  [jvm.dll+0x698255]
C  [ucrtbase.dll+0x21bb2]
C  [KERNEL32.DLL+0x17344]
C  [ntdll.dll+0x4cc91]

VM_Operation (0x00000037e76ff0d0): G1CollectForAllocation, mode: safepoint, requested by thread 0x0000014e869fe800


---------------  P R O C E S S  ---------------

Threads class SMR info:
_java_thread_list=0x0000014eb9536b40, length=13, elements={
0x0000014e869fe800, 0x0000014eb28074f0, 0x0000014eb280ce00, 0x0000014eb28226e0,
0x0000014eb2823080, 0x0000014eb2826310, 0x0000014eb2826cb0, 0x0000014eb2828260,
0x0000014eb9428910, 0x0000014eb942cf20, 0x0000014eb27f3bc0, 0x0000014eb9654900,
0x0000014eb95686f0
}

Java Threads: ( => current thread )
  0x0000014e869fe800 JavaThread "main" [_thread_blocked, id=9672, stack(0x00000037e7600000,0x00000037e7700000)]
  0x0000014eb28074f0 JavaThread "Reference Handler" daemon [_thread_blocked, id=14272, stack(0x00000037e7d00000,0x00000037e7e00000)]
  0x0000014eb280ce00 JavaThread "Finalizer" daemon [_thread_blocked, id=9736, stack(0x00000037e7e00000,0x00000037e7f00000)]
  0x0000014eb28226e0 JavaThread "Signal Dispatcher" daemon [_thread_blocked, id=3728, stack(0x00000037e7f00000,0x00000037e8000000)]
  0x0000014eb2823080 JavaThread "Attach Listener" daemon [_thread_blocked, id=11336, stack(0x00000037e8000000,0x00000037e8100000)]
  0x0000014eb2826310 JavaThread "Service Thread" daemon [_thread_blocked, id=8656, stack(0x00000037e8100000,0x00000037e8200000)]
  0x0000014eb2826cb0 JavaThread "Monitor Deflation Thread" daemon [_thread_blocked, id=6488, stack(0x00000037e8200000,0x00000037e8300000)]
  0x0000014eb2828260 JavaThread "C2 CompilerThread0" daemon [_thread_blocked, id=10672, stack(0x00000037e8300000,0x00000037e8400000)]
  0x0000014eb9428910 JavaThread "C1 CompilerThread0" daemon [_thread_blocked, id=13888, stack(0x00000037e8400000,0x00000037e8500000)]
  0x0000014eb942cf20 JavaThread "Sweeper thread" daemon [_thread_blocked, id=6432, stack(0x00000037e8500000,0x00000037e8600000)]
  0x0000014eb27f3bc0 JavaThread "Common-Cleaner" daemon [_thread_blocked, id=13896, stack(0x00000037e8600000,0x00000037e8700000)]
  0x0000014eb9654900 JavaThread "Notification Thread" daemon [_thread_blocked, id=2028, stack(0x00000037e8700000,0x00000037e8800000)]
  0x0000014eb95686f0 JavaThread "C2 CompilerThread1" daemon [_thread_blocked, id=8796, stack(0x00000037e8900000,0x00000037e8a00000)]

Other Threads:
=>0x0000014eb2803d50 VMThread "VM Thread" [stack: 0x00000037e7c00000,0x00000037e7d00000] [id=9280]
  0x0000014eb94dc070 WatcherThread "VM Periodic Task Thread" [stack: 0x00000037e8800000,0x00000037e8900000] [id=5492]
  0x0000014e88c4de30 WorkerThread "GC Thread#0" [stack: 0x00000037e7700000,0x00000037e7800000] [id=12468]
  0x0000014eb94defc0 WorkerThread "GC Thread#1" [stack: 0x00000037e8a00000,0x00000037e8b00000] [id=13704]
  0x0000014eb9568ff0 WorkerThread "GC Thread#2" [stack: 0x00000037e8b00000,0x00000037e8c00000] [id=14088]
  0x0000014eb9569290 WorkerThread "GC Thread#3" [stack: 0x00000037e8c00000,0x00000037e8d00000] [id=4328]
  0x0000014eb95c6450 WorkerThread "GC Thread#4" [stack: 0x00000037e8d00000,0x00000037e8e00000] [id=13796]
  0x0000014eb95c66f0 WorkerThread "GC Thread#5" [stack: 0x00000037e8e00000,0x00000037e8f00000] [id=13068]
  0x0000014eb95c6990 WorkerThread "GC Thread#6" [stack: 0x00000037e8f00000,0x00000037e9000000] [id=13096]
  0x0000014eb95c6c30 WorkerThread "GC Thread#7" [stack: 0x00000037e9000000,0x00000037e9100000] [id=8868]
  0x0000014e88c5ebf0 ConcurrentGCThread "G1 Main Marker" [stack: 0x00000037e7800000,0x00000037e7900000] [id=9772]
  0x0000014eb2671610 WorkerThread "G1 Conc#0" [stack: 0x00000037e7900000,0x00000037e7a00000] [id=10520]
  0x0000014eb26c1810 ConcurrentGCThread "G1 Refine#0" [stack: 0x00000037e7a00000,0x00000037e7b00000] [id=11156]
  0x0000014eb95c6ed0 ConcurrentGCThread "G1 Refine#1" [stack: 0x00000037e9100000,0x00000037e9200000] [id=8284]
  0x0000014eb95ad9a0 ConcurrentGCThread "G1 Refine#2" [stack: 0x00000037e9200000,0x00000037e9300000] [id=11624]
  0x0000014eb26c28c0 ConcurrentGCThread "G1 Service" [stack: 0x00000037e7b00000,0x00000037e7c00000] [id=7320]

Threads with active compile tasks:

VM state: at safepoint (normal execution)

VM Mutex/Monitor currently owned by a thread:  ([mutex/lock_event])
[0x0000014e869fa650] Threads_lock - owner thread: 0x0000014eb2803d50
[0x0000014e869fa410] Heap_lock - owner thread: 0x0000014e869fe800

Heap address: 0x0000000602c00000, size: 8148 MB, Compressed Oops mode: Zero based, Oop shift amount: 3

CDS archive(s) mapped at: [0x0000000800000000-0x0000000800ba0000-0x0000000800ba0000), size 12189696, SharedBaseAddress: 0x0000000800000000, ArchiveRelocationMode: 0.
Compressed class space mapped at: 0x0000000800c00000-0x0000000840c00000, reserved size: 1073741824
Narrow klass base: 0x0000000800000000, Narrow klass shift: 0, Narrow klass range: 0x100000000

GC Precious Log:
 CardTable entry size: 512
 Card Set container configuration: InlinePtr #cards 4 size 8 Array Of Cards #cards 32 size 80 Howl #buckets 8 coarsen threshold 7372 Howl Bitmap #cards 1024 size 144 coarsen threshold 921 Card regions per heap region 1 cards per card region 8192
 CPUs: 8 total, 8 available
 Memory: 32577M
 Large Page Support: Disabled
 NUMA Support: Disabled
 Compressed Oops: Enabled (Zero based)
 Heap Region Size: 4M
 Heap Min Capacity: 8M
 Heap Initial Capacity: 512M
 Heap Max Capacity: 8148M
 Pre-touch: Disabled
 Parallel Workers: 8
 Concurrent Workers: 2
 Concurrent Refinement Workers: 8
 Periodic GC: Disabled

Heap:
 garbage-first heap   total 524288K, used 111102K [0x0000000602c00000, 0x0000000800000000)
  region size 4096K, 1 young (4096K), 1 survivors (4096K)
 Metaspace       used 643K, committed 832K, reserved 1114112K
  class space    used 52K, committed 128K, reserved 1048576K

Heap Regions: E=young(eden), S=young(survivor), O=old, HS=humongous(starts), HC=humongous(continues), CS=collection set, F=free, OA=open archive, CA=closed archive, TAMS=top-at-mark-start (previous, next)
|   0|0x0000000602c00000, 0x0000000603000000, 0x0000000603000000|100%| O|  |TAMS 0x0000000602c00000, 0x0000000602c00000| Untracked 
|   1|0x0000000603000000, 0x0000000603400000, 0x0000000603400000|100%| O|  |TAMS 0x0000000603000000, 0x0000000603000000| Untracked 
|   2|0x0000000603400000, 0x0000000603800000, 0x0000000603800000|100%| O|  |TAMS 0x0000000603400000, 0x0000000603400000| Untracked 
|   3|0x0000000603800000, 0x0000000603c00000, 0x0000000603c00000|100%| O|  |TAMS 0x0000000603800000, 0x0000000603800000| Untracked 
|   4|0x0000000603c00000, 0x0000000604000000, 0x0000000604000000|100%| O|  |TAMS 0x0000000603c00000, 0x0000000603c00000| Untracked 
|   5|0x0000000604000000, 0x0000000604400000, 0x0000000604400000|100%| O|  |TAMS 0x0000000604000000, 0x0000000604000000| Untracked 
|   6|0x0000000604400000, 0x0000000604800000, 0x0000000604800000|100%| O|  |TAMS 0x0000000604400000, 0x0000000604400000| Untracked 
|   7|0x0000000604800000, 0x0000000604c00000, 0x0000000604c00000|100%| O|  |TAMS 0x0000000604800000, 0x0000000604800000| Untracked 
|   8|0x0000000604c00000, 0x0000000605000000, 0x0000000605000000|100%| O|  |TAMS 0x0000000604c00000, 0x0000000604c00000| Untracked 
|   9|0x0000000605000000, 0x0000000605400000, 0x0000000605400000|100%| O|  |TAMS 0x0000000605000000, 0x0000000605000000| Untracked 
|  10|0x0000000605400000, 0x0000000605800000, 0x0000000605800000|100%| O|  |TAMS 0x0000000605400000, 0x0000000605400000| Untracked 
|  11|0x0000000605800000, 0x0000000605c00000, 0x0000000605c00000|100%| O|  |TAMS 0x0000000605800000, 0x0000000605800000| Untracked 
|  12|0x0000000605c00000, 0x0000000606000000, 0x0000000606000000|100%| O|  |TAMS 0x0000000605c00000, 0x0000000605c00000| Untracked 
|  13|0x0000000606000000, 0x0000000606400000, 0x0000000606400000|100%| O|  |TAMS 0x0000000606000000, 0x0000000606000000| Untracked 
|  14|0x0000000606400000, 0x0000000606800000, 0x0000000606800000|100%| O|  |TAMS 0x0000000606400000, 0x0000000606400000| Untracked 
|  15|0x0000000606800000, 0x0000000606c00000, 0x0000000606c00000|100%| O|  |TAMS 0x0000000606800000, 0x0000000606800000| Untracked 
|  16|0x0000000606c00000, 0x0000000607000000, 0x0000000607000000|100%| O|  |TAMS 0x0000000606c00000, 0x0000000606c00000| Untracked 
|  17|0x0000000607000000, 0x0000000607400000, 0x0000000607400000|100%| O|  |TAMS 0x0000000607000000, 0x0000000607000000| Untracked 
|  18|0x0000000607400000, 0x0000000607800000, 0x0000000607800000|100%| O|  |TAMS 0x0000000607400000, 0x0000000607400000| Untracked 
|  19|0x0000000607800000, 0x0000000607c00000, 0x0000000607c00000|100%| O|  |TAMS 0x0000000607800000, 0x0000000607800000| Untracked 
|  20|0x0000000607c00000, 0x0000000608000000, 0x0000000608000000|100%| O|  |TAMS 0x0000000607c00000, 0x0000000607c00000| Untracked 
|  21|0x0000000608000000, 0x0000000608400000, 0x0000000608400000|100%| O|  |TAMS 0x0000000608000000, 0x0000000608000000| Untracked 
|  22|0x0000000608400000, 0x0000000608800000, 0x0000000608800000|100%| O|  |TAMS 0x0000000608400000, 0x0000000608400000| Untracked 
|  23|0x0000000608800000, 0x0000000608c00000, 0x0000000608c00000|100%| O|  |TAMS 0x0000000608800000, 0x0000000608800000| Untracked 
|  24|0x0000000608c00000, 0x0000000609000000, 0x0000000609000000|100%| O|  |TAMS 0x0000000608c00000, 0x0000000608c00000| Untracked 
|  25|0x0000000609000000, 0x0000000609400000, 0x0000000609400000|100%| O|  |TAMS 0x0000000609000000, 0x0000000609000000| Untracked 
|  26|0x0000000609400000, 0x000000060947fa00, 0x0000000609800000| 12%| O|  |TAMS 0x0000000609400000, 0x0000000609400000| Untracked 
|  27|0x0000000609800000, 0x0000000609800000, 0x0000000609c00000|  0%| F|  |TAMS 0x0000000609800000, 0x0000000609800000| Untracked 
|  28|0x0000000609c00000, 0x0000000609c00000, 0x000000060a000000|  0%| F|  |TAMS 0x0000000609c00000, 0x0000000609c00000| Untracked 
|  29|0x000000060a000000, 0x000000060a000000, 0x000000060a400000|  0%| F|  |TAMS 0x000000060a000000, 0x000000060a000000| Untracked 
|  30|0x000000060a400000, 0x000000060a400000, 0x000000060a800000|  0%| F|  |TAMS 0x000000060a400000, 0x000000060a400000| Untracked 
|  31|0x000000060a800000, 0x000000060a800000, 0x000000060ac00000|  0%| F|  |TAMS 0x000000060a800000, 0x000000060a800000| Untracked 
|  32|0x000000060ac00000, 0x000000060ac00000, 0x000000060b000000|  0%| F|  |TAMS 0x000000060ac00000, 0x000000060ac00000| Untracked 
|  33|0x000000060b000000, 0x000000060b000000, 0x000000060b400000|  0%| F|  |TAMS 0x000000060b000000, 0x000000060b000000| Untracked 
|  34|0x000000060b400000, 0x000000060b400000, 0x000000060b800000|  0%| F|  |TAMS 0x000000060b400000, 0x000000060b400000| Untracked 
|  35|0x000000060b800000, 0x000000060b800000, 0x000000060bc00000|  0%| F|  |TAMS 0x000000060b800000, 0x000000060b800000| Untracked 
|  36|0x000000060bc00000, 0x000000060bc00000, 0x000000060c000000|  0%| F|  |TAMS 0x000000060bc00000, 0x000000060bc00000| Untracked 
|  37|0x000000060c000000, 0x000000060c000000, 0x000000060c400000|  0%| F|  |TAMS 0x000000060c000000, 0x000000060c000000| Untracked 
|  38|0x000000060c400000, 0x000000060c400000, 0x000000060c800000|  0%| F|  |TAMS 0x000000060c400000, 0x000000060c400000| Untracked 
|  39|0x000000060c800000, 0x000000060c800000, 0x000000060cc00000|  0%| F|  |TAMS 0x000000060c800000, 0x000000060c800000| Untracked 
|  40|0x000000060cc00000, 0x000000060cc00000, 0x000000060d000000|  0%| F|  |TAMS 0x000000060cc00000, 0x000000060cc00000| Untracked 
|  41|0x000000060d000000, 0x000000060d000000, 0x000000060d400000|  0%| F|  |TAMS 0x000000060d000000, 0x000000060d000000| Untracked 
|  42|0x000000060d400000, 0x000000060d400000, 0x000000060d800000|  0%| F|  |TAMS 0x000000060d400000, 0x000000060d400000| Untracked 
|  43|0x000000060d800000, 0x000000060d800000, 0x000000060dc00000|  0%| F|  |TAMS 0x000000060d800000, 0x000000060d800000| Untracked 
|  44|0x000000060dc00000, 0x000000060dc00000, 0x000000060e000000|  0%| F|  |TAMS 0x000000060dc00000, 0x000000060dc00000| Untracked 
|  45|0x000000060e000000, 0x000000060e000000, 0x000000060e400000|  0%| F|  |TAMS 0x000000060e000000, 0x000000060e000000| Untracked 
|  46|0x000000060e400000, 0x000000060e400000, 0x000000060e800000|  0%| F|  |TAMS 0x000000060e400000, 0x000000060e400000| Untracked 
|  47|0x000000060e800000, 0x000000060e800000, 0x000000060ec00000|  0%| F|  |TAMS 0x000000060e800000, 0x000000060e800000| Untracked 
|  48|0x000000060ec00000, 0x000000060ec00000, 0x000000060f000000|  0%| F|  |TAMS 0x000000060ec00000, 0x000000060ec00000| Untracked 
|  49|0x000000060f000000, 0x000000060f000000, 0x000000060f400000|  0%| F|  |TAMS 0x000000060f000000, 0x000000060f000000| Untracked 
|  50|0x000000060f400000, 0x000000060f400000, 0x000000060f800000|  0%| F|  |TAMS 0x000000060f400000, 0x000000060f400000| Untracked 
|  51|0x000000060f800000, 0x000000060f800000, 0x000000060fc00000|  0%| F|  |TAMS 0x000000060f800000, 0x000000060f800000| Untracked 
|  52|0x000000060fc00000, 0x000000060fc00000, 0x0000000610000000|  0%| F|  |TAMS 0x000000060fc00000, 0x000000060fc00000| Untracked 
|  53|0x0000000610000000, 0x0000000610000000, 0x0000000610400000|  0%| F|  |TAMS 0x0000000610000000, 0x0000000610000000| Untracked 
|  54|0x0000000610400000, 0x0000000610400000, 0x0000000610800000|  0%| F|  |TAMS 0x0000000610400000, 0x0000000610400000| Untracked 
|  55|0x0000000610800000, 0x0000000610800000, 0x0000000610c00000|  0%| F|  |TAMS 0x0000000610800000, 0x0000000610800000| Untracked 
|  56|0x0000000610c00000, 0x0000000610c00000, 0x0000000611000000|  0%| F|  |TAMS 0x0000000610c00000, 0x0000000610c00000| Untracked 
|  57|0x0000000611000000, 0x0000000611000000, 0x0000000611400000|  0%| F|  |TAMS 0x0000000611000000, 0x0000000611000000| Untracked 
|  58|0x0000000611400000, 0x0000000611400000, 0x0000000611800000|  0%| F|  |TAMS 0x0000000611400000, 0x0000000611400000| Untracked 
|  59|0x0000000611800000, 0x0000000611800000, 0x0000000611c00000|  0%| F|  |TAMS 0x0000000611800000, 0x0000000611800000| Untracked 
|  60|0x0000000611c00000, 0x0000000611c00000, 0x0000000612000000|  0%| F|  |TAMS 0x0000000611c00000, 0x0000000611c00000| Untracked 
|  61|0x0000000612000000, 0x0000000612000000, 0x0000000612400000|  0%| F|  |TAMS 0x0000000612000000, 0x0000000612000000| Untracked 
|  62|0x0000000612400000, 0x0000000612400000, 0x0000000612800000|  0%| F|  |TAMS 0x0000000612400000, 0x0000000612400000| Untracked 
|  63|0x0000000612800000, 0x0000000612800000, 0x0000000612c00000|  0%| F|  |TAMS 0x0000000612800000, 0x0000000612800000| Untracked 
|  64|0x0000000612c00000, 0x0000000612c00000, 0x0000000613000000|  0%| F|  |TAMS 0x0000000612c00000, 0x0000000612c00000| Untracked 
|  65|0x0000000613000000, 0x0000000613000000, 0x0000000613400000|  0%| F|  |TAMS 0x0000000613000000, 0x0000000613000000| Untracked 
|  66|0x0000000613400000, 0x0000000613400000, 0x0000000613800000|  0%| F|  |TAMS 0x0000000613400000, 0x0000000613400000| Untracked 
|  67|0x0000000613800000, 0x0000000613800000, 0x0000000613c00000|  0%| F|  |TAMS 0x0000000613800000, 0x0000000613800000| Untracked 
|  68|0x0000000613c00000, 0x0000000613c00000, 0x0000000614000000|  0%| F|  |TAMS 0x0000000613c00000, 0x0000000613c00000| Untracked 
|  69|0x0000000614000000, 0x0000000614000000, 0x0000000614400000|  0%| F|  |TAMS 0x0000000614000000, 0x0000000614000000| Untracked 
|  70|0x0000000614400000, 0x0000000614400000, 0x0000000614800000|  0%| F|  |TAMS 0x0000000614400000, 0x0000000614400000| Untracked 
|  71|0x0000000614800000, 0x0000000614800000, 0x0000000614c00000|  0%| F|  |TAMS 0x0000000614800000, 0x0000000614800000| Untracked 
|  72|0x0000000614c00000, 0x0000000614c00000, 0x0000000615000000|  0%| F|  |TAMS 0x0000000614c00000, 0x0000000614c00000| Untracked 
|  73|0x0000000615000000, 0x0000000615000000, 0x0000000615400000|  0%| F|  |TAMS 0x0000000615000000, 0x0000000615000000| Untracked 
|  74|0x0000000615400000, 0x0000000615400000, 0x0000000615800000|  0%| F|  |TAMS 0x0000000615400000, 0x0000000615400000| Untracked 
|  75|0x0000000615800000, 0x0000000615800000, 0x0000000615c00000|  0%| F|  |TAMS 0x0000000615800000, 0x0000000615800000| Untracked 
|  76|0x0000000615c00000, 0x0000000615c00000, 0x0000000616000000|  0%| F|  |TAMS 0x0000000615c00000, 0x0000000615c00000| Untracked 
|  77|0x0000000616000000, 0x0000000616000000, 0x0000000616400000|  0%| F|  |TAMS 0x0000000616000000, 0x0000000616000000| Untracked 
|  78|0x0000000616400000, 0x0000000616400000, 0x0000000616800000|  0%| F|  |TAMS 0x0000000616400000, 0x0000000616400000| Untracked 
|  79|0x0000000616800000, 0x0000000616800000, 0x0000000616c00000|  0%| F|  |TAMS 0x0000000616800000, 0x0000000616800000| Untracked 
|  80|0x0000000616c00000, 0x0000000616c00000, 0x0000000617000000|  0%| F|  |TAMS 0x0000000616c00000, 0x0000000616c00000| Untracked 
|  81|0x0000000617000000, 0x0000000617000000, 0x0000000617400000|  0%| F|  |TAMS 0x0000000617000000, 0x0000000617000000| Untracked 
|  82|0x0000000617400000, 0x0000000617400000, 0x0000000617800000|  0%| F|  |TAMS 0x0000000617400000, 0x0000000617400000| Untracked 
|  83|0x0000000617800000, 0x0000000617800000, 0x0000000617c00000|  0%| F|  |TAMS 0x0000000617800000, 0x0000000617800000| Untracked 
|  84|0x0000000617c00000, 0x0000000617c00000, 0x0000000618000000|  0%| F|  |TAMS 0x0000000617c00000, 0x0000000617c00000| Untracked 
|  85|0x0000000618000000, 0x0000000618000000, 0x0000000618400000|  0%| F|  |TAMS 0x0000000618000000, 0x0000000618000000| Untracked 
|  86|0x0000000618400000, 0x0000000618400000, 0x0000000618800000|  0%| F|  |TAMS 0x0000000618400000, 0x0000000618400000| Untracked 
|  87|0x0000000618800000, 0x0000000618800000, 0x0000000618c00000|  0%| F|  |TAMS 0x0000000618800000, 0x0000000618800000| Untracked 
|  88|0x0000000618c00000, 0x0000000618c00000, 0x0000000619000000|  0%| F|  |TAMS 0x0000000618c00000, 0x0000000618c00000| Untracked 
|  89|0x0000000619000000, 0x0000000619000000, 0x0000000619400000|  0%| F|  |TAMS 0x0000000619000000, 0x0000000619000000| Untracked 
|  90|0x0000000619400000, 0x0000000619400000, 0x0000000619800000|  0%| F|  |TAMS 0x0000000619400000, 0x0000000619400000| Untracked 
|  91|0x0000000619800000, 0x0000000619800000, 0x0000000619c00000|  0%| F|  |TAMS 0x0000000619800000, 0x0000000619800000| Untracked 
|  92|0x0000000619c00000, 0x0000000619c00000, 0x000000061a000000|  0%| F|  |TAMS 0x0000000619c00000, 0x0000000619c00000| Untracked 
|  93|0x000000061a000000, 0x000000061a000000, 0x000000061a400000|  0%| F|  |TAMS 0x000000061a000000, 0x000000061a000000| Untracked 
|  94|0x000000061a400000, 0x000000061a400000, 0x000000061a800000|  0%| F|  |TAMS 0x000000061a400000, 0x000000061a400000| Untracked 
|  95|0x000000061a800000, 0x000000061a800000, 0x000000061ac00000|  0%| F|  |TAMS 0x000000061a800000, 0x000000061a800000| Untracked 
|  96|0x000000061ac00000, 0x000000061ac00000, 0x000000061b000000|  0%| F|  |TAMS 0x000000061ac00000, 0x000000061ac00000| Untracked 
|  97|0x000000061b000000, 0x000000061b000000, 0x000000061b400000|  0%| F|  |TAMS 0x000000061b000000, 0x000000061b000000| Untracked 
|  98|0x000000061b400000, 0x000000061b400000, 0x000000061b800000|  0%| F|  |TAMS 0x000000061b400000, 0x000000061b400000| Untracked 
|  99|0x000000061b800000, 0x000000061b800000, 0x000000061bc00000|  0%| F|  |TAMS 0x000000061b800000, 0x000000061b800000| Untracked 
| 100|0x000000061bc00000, 0x000000061bc00000, 0x000000061c000000|  0%| F|  |TAMS 0x000000061bc00000, 0x000000061bc00000| Untracked 
| 101|0x000000061c000000, 0x000000061c000000, 0x000000061c400000|  0%| F|  |TAMS 0x000000061c000000, 0x000000061c000000| Untracked 
| 102|0x000000061c400000, 0x000000061c400000, 0x000000061c800000|  0%| F|  |TAMS 0x000000061c400000, 0x000000061c400000| Untracked 
| 103|0x000000061c800000, 0x000000061c800000, 0x000000061cc00000|  0%| F|  |TAMS 0x000000061c800000, 0x000000061c800000| Untracked 
| 104|0x000000061cc00000, 0x000000061cc00000, 0x000000061d000000|  0%| F|  |TAMS 0x000000061cc00000, 0x000000061cc00000| Untracked 
| 105|0x000000061d000000, 0x000000061d000000, 0x000000061d400000|  0%| F|  |TAMS 0x000000061d000000, 0x000000061d000000| Untracked 
| 106|0x000000061d400000, 0x000000061d400000, 0x000000061d800000|  0%| F|  |TAMS 0x000000061d400000, 0x000000061d400000| Untracked 
| 107|0x000000061d800000, 0x000000061d800000, 0x000000061dc00000|  0%| F|  |TAMS 0x000000061d800000, 0x000000061d800000| Untracked 
| 108|0x000000061dc00000, 0x000000061dc00000, 0x000000061e000000|  0%| F|  |TAMS 0x000000061dc00000, 0x000000061dc00000| Untracked 
| 109|0x000000061e000000, 0x000000061e000000, 0x000000061e400000|  0%| F|  |TAMS 0x000000061e000000, 0x000000061e000000| Untracked 
| 110|0x000000061e400000, 0x000000061e400000, 0x000000061e800000|  0%| F|  |TAMS 0x000000061e400000, 0x000000061e400000| Untracked 
| 111|0x000000061e800000, 0x000000061e800000, 0x000000061ec00000|  0%| F|  |TAMS 0x000000061e800000, 0x000000061e800000| Untracked 
| 112|0x000000061ec00000, 0x000000061ec00000, 0x000000061f000000|  0%| F|  |TAMS 0x000000061ec00000, 0x000000061ec00000| Untracked 
| 113|0x000000061f000000, 0x000000061f000000, 0x000000061f400000|  0%| F|  |TAMS 0x000000061f000000, 0x000000061f000000| Untracked 
| 114|0x000000061f400000, 0x000000061f400000, 0x000000061f800000|  0%| F|  |TAMS 0x000000061f400000, 0x000000061f400000| Untracked 
| 115|0x000000061f800000, 0x000000061f800000, 0x000000061fc00000|  0%| F|  |TAMS 0x000000061f800000, 0x000000061f800000| Untracked 
| 116|0x000000061fc00000, 0x000000061fc00000, 0x0000000620000000|  0%| F|  |TAMS 0x000000061fc00000, 0x000000061fc00000| Untracked 
| 117|0x0000000620000000, 0x0000000620000000, 0x0000000620400000|  0%| F|  |TAMS 0x0000000620000000, 0x0000000620000000| Untracked 
| 118|0x0000000620400000, 0x0000000620400000, 0x0000000620800000|  0%| F|  |TAMS 0x0000000620400000, 0x0000000620400000| Untracked 
| 119|0x0000000620800000, 0x0000000620800000, 0x0000000620c00000|  0%| F|  |TAMS 0x0000000620800000, 0x0000000620800000| Untracked 
| 120|0x0000000620c00000, 0x0000000620c00000, 0x0000000621000000|  0%| F|  |TAMS 0x0000000620c00000, 0x0000000620c00000| Untracked 
| 121|0x0000000621000000, 0x0000000621400000, 0x0000000621400000|100%| S|CS|TAMS 0x0000000621000000, 0x0000000621000000| Complete 
| 122|0x0000000621400000, 0x0000000621400000, 0x0000000621800000|  0%| F|  |TAMS 0x0000000621400000, 0x0000000621400000| Untracked 
| 123|0x0000000621800000, 0x0000000621800000, 0x0000000621c00000|  0%| F|  |TAMS 0x0000000621800000, 0x0000000621800000| Untracked 
| 124|0x0000000621c00000, 0x0000000621c00000, 0x0000000622000000|  0%| F|  |TAMS 0x0000000621c00000, 0x0000000621c00000| Untracked 
| 125|0x0000000622000000, 0x0000000622000000, 0x0000000622400000|  0%| F|  |TAMS 0x0000000622000000, 0x0000000622000000| Untracked 
| 126|0x0000000622400000, 0x0000000622400000, 0x0000000622800000|  0%| F|  |TAMS 0x0000000622400000, 0x0000000622400000| Untracked 
| 127|0x0000000622800000, 0x0000000622800000, 0x0000000622c00000|  0%| F|  |TAMS 0x0000000622800000, 0x0000000622800000| Untracked 

Card table byte_map: [0x0000014ea07f0000,0x0000014ea17e0000] _byte_map_base: 0x0000014e9d7da000

Marking Bits (Prev, Next): (CMBitMap*) 0x0000014e88c4e430, (CMBitMap*) 0x0000014e88c4e470
 Prev Bits: [0x0000014ea27d0000, 0x0000014eaa720000)
 Next Bits: [0x0000014eaa720000, 0x0000014eb2670000)

Polling page: 0x0000014e86b70000

Metaspace:

Usage:
  Non-class:    591.09 KB used.
      Class:     52.52 KB used.
       Both:    643.60 KB used.

Virtual space:
  Non-class space:       64.00 MB reserved,     704.00 KB (  1%) committed,  1 nodes.
      Class space:        1.00 GB reserved,     128.00 KB ( <1%) committed,  1 nodes.
             Both:        1.06 GB reserved,     832.00 KB ( <1%) committed. 

Chunk freelists:
   Non-Class:  3.99 MB
       Class:  3.74 MB
        Both:  7.73 MB

MaxMetaspaceSize: unlimited
CompressedClassSpaceSize: 1.00 GB
Initial GC threshold: 21.00 MB
Current GC threshold: 21.00 MB
CDS: on
MetaspaceReclaimPolicy: balanced
 - commit_granule_bytes: 65536.
 - commit_granule_words: 8192.
 - virtual_space_node_default_size: 8388608.
 - enlarge_chunks_in_place: 1.
 - new_chunks_are_fully_committed: 0.
 - uncommit_free_chunks: 1.
 - use_allocation_guard: 0.


Internal statistics:

num_allocs_failed_limit: 0.
num_arena_births: 12.
num_arena_deaths: 0.
num_vsnodes_births: 2.
num_vsnodes_deaths: 0.
num_space_committed: 13.
num_space_uncommitted: 0.
num_chunks_returned_to_freelist: 0.
num_chunks_taken_from_freelist: 13.
num_chunk_merges: 0.
num_chunk_splits: 8.
num_chunks_enlarged: 4.
num_inconsistent_stats: 0.

CodeHeap 'non-profiled nmethods': size=120000Kb used=80Kb max_used=80Kb free=119919Kb
 bounds [0x0000014e97fa0000, 0x0000014e98210000, 0x0000014e9f4d0000]
CodeHeap 'profiled nmethods': size=120000Kb used=334Kb max_used=334Kb free=119665Kb
 bounds [0x0000014e90a70000, 0x0000014e90ce0000, 0x0000014e97fa0000]
CodeHeap 'non-nmethods': size=5760Kb used=1111Kb max_used=1127Kb free=4649Kb
 bounds [0x0000014e904d0000, 0x0000014e90740000, 0x0000014e90a70000]
 total_blobs=640 nmethods=262 adapters=291
 compilation: enabled
              stopped_count=0, restarted_count=0
 full_count=0

Compilation events (20 events):
Event: 0.133 Thread 0x0000014eb2828260  253       4       java.lang.Integer::valueOf (32 bytes)
Event: 0.133 Thread 0x0000014eb2828260 nmethod 253 0x0000014e97fb1690 code [0x0000014e97fb1800, 0x0000014e97fb1898]
Event: 0.133 Thread 0x0000014eb2828260  256       4       java.util.LinkedList::add (7 bytes)
Event: 0.135 Thread 0x0000014eb2828260 nmethod 256 0x0000014e97fb1990 code [0x0000014e97fb1b20, 0x0000014e97fb1e18]
Event: 0.136 Thread 0x0000014eb2828260  254       4       java.util.concurrent.atomic.AtomicLong::compareAndSet (13 bytes)
Event: 0.136 Thread 0x0000014eb95686f0  255       4       java.util.Random::next (47 bytes)
Event: 0.136 Thread 0x0000014eb2828260 nmethod 254 0x0000014e97fb1f10 code [0x0000014e97fb2080, 0x0000014e97fb2118]
Event: 0.136 Thread 0x0000014eb2828260  257       4       java.util.LinkedList::linkLast (59 bytes)
Event: 0.136 Thread 0x0000014eb95686f0 nmethod 255 0x0000014e97fb2210 code [0x0000014e97fb2380, 0x0000014e97fb2478]
Event: 0.136 Thread 0x0000014eb95686f0  258       4       java.util.random.RandomGenerator::nextInt (12 bytes)
Event: 0.137 Thread 0x0000014eb95686f0 nmethod 258 0x0000014e97fb2590 code [0x0000014e97fb2720, 0x0000014e97fb2938]
Event: 0.137 Thread 0x0000014eb95686f0  259       4       jdk.internal.util.random.RandomSupport::boundedNextInt (109 bytes)
Event: 0.138 Thread 0x0000014eb2828260 nmethod 257 0x0000014e97fb2b90 code [0x0000014e97fb2d20, 0x0000014e97fb3018]
Event: 0.138 Thread 0x0000014eb9428910  260 %     3       JavaPoo.aulas.lista.ex3::main @ 26 (78 bytes)
Event: 0.138 Thread 0x0000014eb95686f0 nmethod 259 0x0000014e97fb3110 code [0x0000014e97fb32a0, 0x0000014e97fb34b8]
Event: 0.139 Thread 0x0000014eb9428910 nmethod 260% 0x0000014e90ac1690 code [0x0000014e90ac1900, 0x0000014e90ac2488]
Event: 0.139 Thread 0x0000014eb9428910  261       3       JavaPoo.aulas.lista.ex3::main (78 bytes)
Event: 0.139 Thread 0x0000014eb9428910 nmethod 261 0x0000014e90ac2910 code [0x0000014e90ac2b80, 0x0000014e90ac35c8]
Event: 0.140 Thread 0x0000014eb95686f0  262 %     4       JavaPoo.aulas.lista.ex3::main @ 26 (78 bytes)
Event: 0.145 Thread 0x0000014eb95686f0 nmethod 262% 0x0000014e97fb3710 code [0x0000014e97fb38a0, 0x0000014e97fb3df8]

GC Heap History (9 events):
Event: 0.159 GC heap before
{Heap before GC invocations=0 (full 0):
 garbage-first heap   total 524288K, used 24576K [0x0000000602c00000, 0x0000000800000000)
  region size 4096K, 6 young (24576K), 0 survivors (0K)
 Metaspace       used 643K, committed 832K, reserved 1114112K
  class space    used 52K, committed 128K, reserved 1048576K
}
Event: 0.276 GC heap after
{Heap after GC invocations=1 (full 0):
 garbage-first heap   total 524288K, used 22768K [0x0000000602c00000, 0x0000000800000000)
  region size 4096K, 1 young (4096K), 1 survivors (4096K)
 Metaspace       used 643K, committed 832K, reserved 1114112K
  class space    used 52K, committed 128K, reserved 1048576K
}
Event: 0.628 GC heap before
{Heap before GC invocations=1 (full 0):
 garbage-first heap   total 524288K, used 43248K [0x0000000602c00000, 0x0000000800000000)
  region size 4096K, 6 young (24576K), 1 survivors (4096K)
 Metaspace       used 643K, committed 832K, reserved 1114112K
  class space    used 52K, committed 128K, reserved 1048576K
}
Event: 0.764 GC heap after
{Heap after GC invocations=2 (full 0):
 garbage-first heap   total 524288K, used 44673K [0x0000000602c00000, 0x0000000800000000)
  region size 4096K, 1 young (4096K), 1 survivors (4096K)
 Metaspace       used 643K, committed 832K, reserved 1114112K
  class space    used 52K, committed 128K, reserved 1048576K
}
Event: 1.032 GC heap before
{Heap before GC invocations=2 (full 0):
 garbage-first heap   total 524288K, used 65153K [0x0000000602c00000, 0x0000000800000000)
  region size 4096K, 6 young (24576K), 1 survivors (4096K)
 Metaspace       used 643K, committed 832K, reserved 1114112K
  class space    used 52K, committed 128K, reserved 1048576K
}
Event: 1.103 GC heap after
{Heap after GC invocations=3 (full 0):
 garbage-first heap   total 524288K, used 66535K [0x0000000602c00000, 0x0000000800000000)
  region size 4096K, 1 young (4096K), 1 survivors (4096K)
 Metaspace       used 643K, committed 832K, reserved 1114112K
  class space    used 52K, committed 128K, reserved 1048576K
}
Event: 1.385 GC heap before
{Heap before GC invocations=3 (full 0):
 garbage-first heap   total 524288K, used 87015K [0x0000000602c00000, 0x0000000800000000)
  region size 4096K, 6 young (24576K), 1 survivors (4096K)
 Metaspace       used 643K, committed 832K, reserved 1114112K
  class space    used 52K, committed 128K, reserved 1048576K
}
Event: 1.478 GC heap after
{Heap after GC invocations=4 (full 0):
 garbage-first heap   total 524288K, used 89065K [0x0000000602c00000, 0x0000000800000000)
  region size 4096K, 1 young (4096K), 1 survivors (4096K)
 Metaspace       used 643K, committed 832K, reserved 1114112K
  class space    used 52K, committed 128K, reserved 1048576K
}
Event: 1.570 GC heap before
{Heap before GC invocations=4 (full 0):
 garbage-first heap   total 524288K, used 109545K [0x0000000602c00000, 0x0000000800000000)
  region size 4096K, 6 young (24576K), 1 survivors (4096K)
 Metaspace       used 643K, committed 832K, reserved 1114112K
  class space    used 52K, committed 128K, reserved 1048576K
}

Deoptimization events (6 events):
Event: 0.130 Thread 0x0000014e869fe800 Uncommon trap: trap_request=0xffffff45 fr.pc=0x0000014e97fa87ac relative=0x00000000000000ac
Event: 0.130 Thread 0x0000014e869fe800 Uncommon trap: reason=unstable_if action=reinterpret pc=0x0000014e97fa87ac method=java.lang.String.isLatin1()Z @ 10 c2
Event: 0.130 Thread 0x0000014e869fe800 DEOPT PACKING pc=0x0000014e97fa87ac sp=0x00000037e76fee80
Event: 0.130 Thread 0x0000014e869fe800 DEOPT UNPACKING pc=0x0000014e905223a3 sp=0x00000037e76fedc0 mode 2
Event: 0.145 Thread 0x0000014e869fe800 DEOPT PACKING pc=0x0000014e90ac229b sp=0x00000037e76ff340
Event: 0.145 Thread 0x0000014e869fe800 DEOPT UNPACKING pc=0x0000014e90522b43 sp=0x00000037e76fe848 mode 0

Classes loaded (20 events):
Event: 0.069 Loading class sun/nio/fs/WindowsDirectoryStream$WindowsDirectoryIterator
Event: 0.069 Loading class sun/nio/fs/WindowsDirectoryStream$WindowsDirectoryIterator done
Event: 0.069 Loading class java/nio/file/FileTreeWalker$Event
Event: 0.069 Loading class java/nio/file/FileTreeWalker$Event done
Event: 0.069 Loading class java/nio/file/FileTreeWalker$EventType
Event: 0.069 Loading class java/nio/file/FileTreeWalker$EventType done
Event: 0.077 Loading class sun/nio/fs/WindowsPath$WindowsPathWithAttributes
Event: 0.077 Loading class sun/nio/fs/BasicFileAttributesHolder
Event: 0.077 Loading class sun/nio/fs/BasicFileAttributesHolder done
Event: 0.077 Loading class sun/nio/fs/WindowsPath$WindowsPathWithAttributes done
Event: 0.130 Loading class jdk/internal/module/ModuleReferences$ExplodedModuleReader
Event: 0.130 Loading class jdk/internal/module/ModuleReferences$ExplodedModuleReader done
Event: 0.130 Loading class jdk/internal/module/ModulePatcher$PatchedModuleReader
Event: 0.130 Loading class jdk/internal/module/ModulePatcher$PatchedModuleReader done
Event: 0.131 Loading class java/util/LinkedList
Event: 0.131 Loading class java/util/AbstractSequentialList
Event: 0.131 Loading class java/util/AbstractSequentialList done
Event: 0.131 Loading class java/util/LinkedList done
Event: 0.132 Loading class java/util/LinkedList$Node
Event: 0.132 Loading class java/util/LinkedList$Node done

Classes unloaded (0 events):
No events

Classes redefined (0 events):
No events

Internal exceptions (1 events):
Event: 0.069 Thread 0x0000014e869fe800 Exception <a 'java/lang/NoSuchMethodError'{0x000000062292a6f0}: 'void java.lang.invoke.DirectMethodHandle$Holder.invokeVirtual(java.lang.Object, java.lang.Object)'> (0x000000062292a6f0) 
thrown [s\open\src\hotspot\share\interpreter\linkResolver.cpp, line 759]

VM Operations (11 events):
Event: 0.104 Executing VM operation: HandshakeAllThreads
Event: 0.104 Executing VM operation: HandshakeAllThreads done
Event: 0.159 Executing VM operation: G1CollectForAllocation
Event: 0.276 Executing VM operation: G1CollectForAllocation done
Event: 0.628 Executing VM operation: G1CollectForAllocation
Event: 0.764 Executing VM operation: G1CollectForAllocation done
Event: 1.032 Executing VM operation: G1CollectForAllocation
Event: 1.103 Executing VM operation: G1CollectForAllocation done
Event: 1.385 Executing VM operation: G1CollectForAllocation
Event: 1.478 Executing VM operation: G1CollectForAllocation done
Event: 1.570 Executing VM operation: G1CollectForAllocation

Events (17 events):
Event: 0.005 Loaded shared library C:\Program Files\Java\jdk-18.0.2.1\bin\java.dll
Event: 0.015 Loaded shared library C:\Program Files\Java\jdk-18.0.2.1\bin\jsvml.dll
Event: 0.015 Thread 0x0000014e869fe800 Thread added: 0x0000014e869fe800
Event: 0.017 Thread 0x0000014eb28074f0 Thread added: 0x0000014eb28074f0
Event: 0.017 Thread 0x0000014eb280ce00 Thread added: 0x0000014eb280ce00
Event: 0.026 Thread 0x0000014eb28226e0 Thread added: 0x0000014eb28226e0
Event: 0.026 Thread 0x0000014eb2823080 Thread added: 0x0000014eb2823080
Event: 0.027 Thread 0x0000014eb2826310 Thread added: 0x0000014eb2826310
Event: 0.027 Thread 0x0000014eb2826cb0 Thread added: 0x0000014eb2826cb0
Event: 0.027 Thread 0x0000014eb2828260 Thread added: 0x0000014eb2828260
Event: 0.030 Thread 0x0000014eb9428910 Thread added: 0x0000014eb9428910
Event: 0.031 Thread 0x0000014eb942cf20 Thread added: 0x0000014eb942cf20
Event: 0.054 Thread 0x0000014eb27f3bc0 Thread added: 0x0000014eb27f3bc0
Event: 0.060 Loaded shared library C:\Program Files\Java\jdk-18.0.2.1\bin\net.dll
Event: 0.061 Loaded shared library C:\Program Files\Java\jdk-18.0.2.1\bin\nio.dll
Event: 0.129 Thread 0x0000014eb9654900 Thread added: 0x0000014eb9654900
Event: 0.136 Thread 0x0000014eb95686f0 Thread added: 0x0000014eb95686f0


Dynamic libraries:
0x00007ff6b9150000 - 0x00007ff6b9160000 	C:\Program Files\Java\jdk-18.0.2.1\bin\javaw.exe
0x00007ffd92810000 - 0x00007ffd92a08000 	C:\windows\SYSTEM32\ntdll.dll
0x00007ffd922b0000 - 0x00007ffd9236d000 	C:\windows\System32\KERNEL32.DLL
0x00007ffd90370000 - 0x00007ffd90666000 	C:\windows\System32\KERNELBASE.dll
0x00007ffd900c0000 - 0x00007ffd901c0000 	C:\windows\System32\ucrtbase.dll
0x00007ffd8a9f0000 - 0x00007ffd8aa08000 	C:\Program Files\Java\jdk-18.0.2.1\bin\jli.dll
0x00007ffd8a490000 - 0x00007ffd8a4aa000 	C:\Program Files\Java\jdk-18.0.2.1\bin\VCRUNTIME140.dll
0x00007ffd92130000 - 0x00007ffd921e0000 	C:\windows\System32\ADVAPI32.dll
0x00007ffd908d0000 - 0x00007ffd9096e000 	C:\windows\System32\msvcrt.dll
0x00007ffd92370000 - 0x00007ffd92410000 	C:\windows\System32\sechost.dll
0x00007ffd91360000 - 0x00007ffd91483000 	C:\windows\System32\RPCRT4.dll
0x00007ffd90670000 - 0x00007ffd90697000 	C:\windows\System32\bcrypt.dll
0x00007ffd91140000 - 0x00007ffd912df000 	C:\windows\System32\USER32.dll
0x00007ffd906a0000 - 0x00007ffd906c2000 	C:\windows\System32\win32u.dll
0x00007ffd90d40000 - 0x00007ffd90d6b000 	C:\windows\System32\GDI32.dll
0x00007ffd7c030000 - 0x00007ffd7c2ca000 	C:\windows\WinSxS\amd64_microsoft.windows.common-controls_6595b64144ccf1df_6.0.19041.4355_none_60b8b9eb71f62e16\COMCTL32.dll
0x00007ffd8ff30000 - 0x00007ffd90047000 	C:\windows\System32\gdi32full.dll
0x00007ffd906d0000 - 0x00007ffd9076d000 	C:\windows\System32\msvcp_win.dll
0x00007ffd8aa10000 - 0x00007ffd8aa1a000 	C:\windows\SYSTEM32\VERSION.dll
0x00007ffd90c50000 - 0x00007ffd90c7f000 	C:\windows\System32\IMM32.DLL
0x00007ffd8a480000 - 0x00007ffd8a48c000 	C:\Program Files\Java\jdk-18.0.2.1\bin\vcruntime140_1.dll
0x00007ffd7eba0000 - 0x00007ffd7ec2d000 	C:\Program Files\Java\jdk-18.0.2.1\bin\msvcp140.dll
0x00007ffd221b0000 - 0x00007ffd22dc1000 	C:\Program Files\Java\jdk-18.0.2.1\bin\server\jvm.dll
0x00007ffd91350000 - 0x00007ffd91358000 	C:\windows\System32\PSAPI.DLL
0x00007ffd72ff0000 - 0x00007ffd72ff9000 	C:\windows\SYSTEM32\WSOCK32.dll
0x00007ffd912e0000 - 0x00007ffd9134b000 	C:\windows\System32\WS2_32.dll
0x00007ffd81730000 - 0x00007ffd81757000 	C:\windows\SYSTEM32\WINMM.dll
0x00007ffd8db20000 - 0x00007ffd8db32000 	C:\windows\SYSTEM32\kernel.appcore.dll
0x00007ffd72a60000 - 0x00007ffd72a6a000 	C:\Program Files\Java\jdk-18.0.2.1\bin\jimage.dll
0x00007ffd6ffe0000 - 0x00007ffd701c4000 	C:\windows\SYSTEM32\DBGHELP.DLL
0x00007ffd74240000 - 0x00007ffd74274000 	C:\windows\SYSTEM32\dbgcore.DLL
0x00007ffd8fea0000 - 0x00007ffd8ff22000 	C:\windows\System32\bcryptPrimitives.dll
0x00007ffd6e620000 - 0x00007ffd6e645000 	C:\Program Files\Java\jdk-18.0.2.1\bin\java.dll
0x00007ffd6a730000 - 0x00007ffd6a806000 	C:\Program Files\Java\jdk-18.0.2.1\bin\jsvml.dll
0x00007ffd91490000 - 0x00007ffd91bfc000 	C:\windows\System32\SHELL32.dll
0x00007ffd8dd20000 - 0x00007ffd8e4bd000 	C:\windows\SYSTEM32\windows.storage.dll
0x00007ffd90d80000 - 0x00007ffd910d3000 	C:\windows\System32\combase.dll
0x00007ffd8f710000 - 0x00007ffd8f73e000 	C:\windows\SYSTEM32\Wldp.dll
0x00007ffd921e0000 - 0x00007ffd922ad000 	C:\windows\System32\OLEAUT32.dll
0x00007ffd90820000 - 0x00007ffd908cd000 	C:\windows\System32\SHCORE.dll
0x00007ffd910e0000 - 0x00007ffd91135000 	C:\windows\System32\shlwapi.dll
0x00007ffd8fdd0000 - 0x00007ffd8fdf4000 	C:\windows\SYSTEM32\profapi.dll
0x00007ffd6e600000 - 0x00007ffd6e613000 	C:\Program Files\Java\jdk-18.0.2.1\bin\net.dll
0x00007ffd8a680000 - 0x00007ffd8a78a000 	C:\windows\SYSTEM32\WINHTTP.dll
0x00007ffd8f4f0000 - 0x00007ffd8f55a000 	C:\windows\system32\mswsock.dll
0x00007ffd6daf0000 - 0x00007ffd6db06000 	C:\Program Files\Java\jdk-18.0.2.1\bin\nio.dll

dbghelp: loaded successfully - version: 4.0.5 - missing functions: none
symbol engine: initialized successfully - sym options: 0x614 - pdb path: .;C:\Program Files\Java\jdk-18.0.2.1\bin;C:\windows\SYSTEM32;C:\windows\WinSxS\amd64_microsoft.windows.common-controls_6595b64144ccf1df_6.0.19041.4355_none_60b8b9eb71f62e16;C:\Program Files\Java\jdk-18.0.2.1\bin\server

VM Arguments:
jvm_args: -Dfile.encoding=UTF-8 -Dstdout.encoding=UTF-8 -Dstderr.encoding=UTF-8 --module-path=D:\JavaFiapTokio2024\JavaTokio2024\bin -XX:+ShowCodeDetailsInExceptionMessages -Djdk.module.main=JavaTokio2024 
java_command: JavaTokio2024/JavaPoo.aulas.lista.ex3
java_class_path (initial): <not set>
Launcher Type: SUN_STANDARD

[Global flags]
     intx CICompilerCount                          = 4                                         {product} {ergonomic}
     uint ConcGCThreads                            = 2                                         {product} {ergonomic}
     uint G1ConcRefinementThreads                  = 8                                         {product} {ergonomic}
   size_t G1HeapRegionSize                         = 4194304                                   {product} {ergonomic}
    uintx GCDrainStackTargetSize                   = 64                                        {product} {ergonomic}
   size_t InitialHeapSize                          = 536870912                                 {product} {ergonomic}
   size_t MarkStackSize                            = 4194304                                   {product} {ergonomic}
   size_t MaxHeapSize                              = 8543797248                                {product} {ergonomic}
   size_t MaxNewSize                               = 5125439488                                {product} {ergonomic}
   size_t MinHeapDeltaBytes                        = 4194304                                   {product} {ergonomic}
   size_t MinHeapSize                              = 8388608                                   {product} {ergonomic}
    uintx NonNMethodCodeHeapSize                   = 5839372                                {pd product} {ergonomic}
    uintx NonProfiledCodeHeapSize                  = 122909434                              {pd product} {ergonomic}
    uintx ProfiledCodeHeapSize                     = 122909434                              {pd product} {ergonomic}
    uintx ReservedCodeCacheSize                    = 251658240                              {pd product} {ergonomic}
     bool SegmentedCodeCache                       = true                                      {product} {ergonomic}
     bool ShowCodeDetailsInExceptionMessages       = true                                   {manageable} {command line}
   size_t SoftMaxHeapSize                          = 8543797248                             {manageable} {ergonomic}
     bool UseCompressedClassPointers               = true                           {product lp64_product} {ergonomic}
     bool UseCompressedOops                        = true                           {product lp64_product} {ergonomic}
     bool UseG1GC                                  = true                                      {product} {ergonomic}
     bool UseLargePagesIndividualAllocation        = false                                  {pd product} {ergonomic}

Logging:
Log output configuration:
 #0: stdout all=warning uptime,level,tags foldmultilines=false
 #1: stderr all=off uptime,level,tags foldmultilines=false

Environment Variables:
JAVA_HOME=C:\Program Files\Java\jdk-18.0.2.1
PATH=C:/Program Files/Java/jdk-18.0.2.1/bin/server;C:/Program Files/Java/jdk-18.0.2.1/bin;C:\Program Files (x86)\VMware\VMware Workstation\bin\;C:\Program Files\Microsoft SDKs\Azure\CLI2\wbin;C:\Program Files\Microsoft MPI\Bin\;C:\Program Files\Python312\Scripts\;C:\Program Files\Python312\;C:\Program Files (x86)\NVIDIA Corporation\PhysX\Common;C:\Program Files\Java\jdk-18.0.2.1\bin;C:\OpenSource\gradle-8.7\bin;C:\OpenSource\flutter_windows_3.19.4-stable\flutter\bin;C:\windows\system32;C:\windows;C:\windows\System32\Wbem;C:\windows\System32\WindowsPowerShell\v1.0\;C:\windows\System32\OpenSSH\;C:\ProgramData\chocolatey\bin;C:\Program Files\dotnet\;C:\Program Files\Common Files\Autodesk Shared\;C:\Program Files\Microsoft VS Code\bin;C:\Program Files\Amazon\AWSCLIV2\;C:\Program Files\Microsoft SQL Server\150\Tools\Binn\;C:\Program Files\Microsoft SQL Server\Client SDK\ODBC\170\Tools\Binn\;C:\Program Files (x86)\Windows Kits\10\Windows Performance Toolkit\;C:\Program Files (x86)\Microsoft SQL Server\160\DTS\Binn\;C:\Program Files\GitHub CLI\;C:\OpenSource\php-8.3.4-Win32-vs16-x64;C:\Program Files\PuTTY\;C:\ProgramData\ComposerSetup\bin;C:\OpenSource\DataCleaner;C:\OpenSource\kafka_2.13-3.7.0\bin;C:\OpenSource\mockito-all-2.0.2-beta.jar;C:\OpenSource\neo4j-community-5.18.1\bin;C:\Program Files\Microchip\xc8\v2.46\bin;C:\Program Files\Microchip\xc-dsc\v3.00\bin;C:\Program Files\Microchip\xc16\v2.10\bin;C:\Program Files\Microchip\xc32\v4.35\bin;C:\Program Files\Rancher Desktop\resources\resources\win32\bin\;C:\Program Files\Rancher Desktop\resources\resources\linux\bin\;C:\AndroidSDK\tools;C:\AndroidSDK\platform-tools;C:\AndroidSDK\emulator;C:\AndroidSDK;C:\Program Files (x86)\Microsoft SQL Server\150\Tools\Binn\;C:\Program Files\Microsoft SQL Server\150\DTS\Binn\;C:\Program Files (x86)\Windows Kits\8.1\Windows Performance Toolkit\;C:\Program Files\Vagrant\bin;C:\Program Files (x86)\WinSCP\;C:\composer;C:\Program Files\Git\cmd;C:\instantclient_21_13;C:\ProgramData\anaconda3;C:\ProgramData\anaconda3\Scripts;C:\ProgramData\anaconda3\Library\bin;c:\AppData\Roaming\npm;C:\Program Files (x86)\Microsoft SQL Server\160\Tools\Binn\;C:\Program Files\Microsoft SQL Server\;C:\OpenSource\apache-maven-3.9.6\bin;C:\Program Files\Docker\Docker\resources\bin;C:\Program Files\Rancher Desktop\resources\resources\win32\bin\;C:\Program Files\Rancher Desktop\resources\resources\linux\bin\;C:\Program Files\nodejs\;C:\Program Files\Microsoft VS Code\bin;C:\Program Files\dotnet\;c:\AppData\Local\Microsoft\WindowsApps;;C:\windows\system32;
USERNAME=labsfiap
OS=Windows_NT
PROCESSOR_IDENTIFIER=Intel64 Family 6 Model 158 Stepping 13, GenuineIntel



---------------  S Y S T E M  ---------------

OS:
 Windows 10 , 64 bit Build 19041 (10.0.19041.3636)
OS uptime: 0 days 9:25 hours
Hyper-V role detected

CPU: total 8 (initial active 8) (8 cores per cpu, 1 threads per core) family 6 model 158 stepping 13 microcode 0xca, cx8, cmov, fxsr, mmx, 3dnowpref, sse, sse2, sse3, ssse3, sse4.1, sse4.2, popcnt, lzcnt, tsc, tscinvbit, avx, avx2, aes, erms, clmul, bmi1, bmi2, adx, fma, vzeroupper, clflush, clflushopt, hv

Memory: 4k page, system-wide physical 32577M (10836M free)
TotalPageFile size 32577M (AvailPageFile size 942M)
current process WorkingSet (physical memory assigned to process): 168M, peak: 168M
current process commit charge ("private bytes"): 611M, peak: 1635M

vm_info: Java HotSpot(TM) 64-Bit Server VM (18.0.2.1+1-1) for windows-amd64 JRE (18.0.2.1+1-1), built on Aug 16 2022 01:46:33 by "mach5one" with MS VC++ 16.8 / 16.9 (VS2019)

END.
